  Xayah.cpp
Xayah.cpp(118): warning C4244: 'argument' : conversion de 'int' en 'const float', perte possible de données
Xayah.cpp(119): warning C4244: 'argument' : conversion de 'int' en 'const float', perte possible de données
Xayah.cpp(120): warning C4244: 'argument' : conversion de 'int' en 'const float', perte possible de données
Xayah.cpp(121): warning C4244: 'argument' : conversion de 'int' en 'const float', perte possible de données
Xayah.cpp(129): warning C4244: 'initialisation' : conversion de 'double' en 'int', perte possible de données
Xayah.cpp(130): warning C4838: la conversion de 'double' en 'int' requiert une conversion restrictive
Xayah.cpp(130): warning C4244: 'initialisation' : conversion de 'double' en 'int', perte possible de données
Xayah.cpp(131): warning C4244: 'initialisation' : conversion de 'float' en 'int', perte possible de données
Xayah.cpp(140): warning C4244: 'initialisation' : conversion de 'double' en 'int', perte possible de données
Xayah.cpp(141): warning C4244: 'initialisation' : conversion de 'double' en 'int', perte possible de données
Xayah.cpp(146): warning C4244: '=' : conversion de 'double' en 'int', perte possible de données
Xayah.cpp(156): warning C4244: 'argument' : conversion de 'float' en 'int', perte possible de données
Xayah.cpp(178): warning C4244: 'initialisation' : conversion de 'double' en 'int', perte possible de données
Xayah.cpp(252): warning C4244: 'argument' : conversion de 'int' en 'float', perte possible de données
     Création de la bibliothèque C:\Users\guill\Desktop\L++ Project\Xayah - White Plume\Release\Xayah - White Plume.lib et de l'objet C:\Users\guill\Desktop\L++ Project\Xayah - White Plume\Release\Xayah - White Plume.exp
  Génération de code en cours
  0 of 331 functions ( 0.0%) were compiled, the rest were copied from previous compilation.
    0 functions were new in current compilation
    0 functions had inline decision re-evaluated but remain unchanged
  Fin de la génération du code
  Xayah - White Plume.vcxproj -> C:\Users\guill\Desktop\L++ Project\Xayah - White Plume\Release\Xayah - White Plume.dll
